<?xml version="1.0" encoding="UTF-8"?>
<!-- Generated by org.testng.reporters.JUnitReportReporter -->
<testsuite hostname="Mortal-PC" name="org.appiumdemo.NewTest" tests="1" failures="0" timestamp="31 Mar 2019 20:47:48 GMT" time="10.799" errors="0">
  <testcase name="f" time="10.799" classname="org.appiumdemo.NewTest"/>
</testsuite> <!-- org.appiumdemo.NewTest -->
