<?xml version="1.0" encoding="UTF-8"?>
<!-- Generated by org.testng.reporters.JUnitReportReporter -->
<testsuite hostname="DESKTOP-B54SQ2B" name="org.appiumdemo.TestCaseDemo" tests="1" failures="0" timestamp="5 Apr 2019 03:33:53 GMT" time="42.790" errors="0">
  <testcase name="buyproductfromEbay" time="42.790" classname="org.appiumdemo.TestCaseDemo"/>
</testsuite> <!-- org.appiumdemo.TestCaseDemo -->
